<?xml version="1.0" encoding="UTF-8"?>
<!-- Generated by org.testng.reporters.JUnitReportReporter -->
<testsuite hostname="Abhijeets-MacBook-Pro.local" name="Sel.Testing.AppTest" tests="1" failures="0" timestamp="13 Dec 2019 10:38:37 GMT" time="8.837" errors="0">
  <testcase name="Test1" time="8.837" classname="Sel.Testing.AppTest"/>
</testsuite> <!-- Sel.Testing.AppTest -->
