<?xml version="1.0" encoding="UTF-8"?>
<!-- Generated by org.testng.reporters.JUnitReportReporter -->
<testsuite hostname="Abhijeets-MacBook-Pro.local" name="com.smokesuite.HomePageTest" tests="3" failures="0" timestamp="18 Jan 2020 09:18:48 GMT" time="49.987" errors="0">
  <testcase name="verifyHomePageTitleTest" time="7.904" classname="com.smokesuite.HomePageTest"/>
  <testcase name="when_we_hover_women_we_should_be_able_to_select_dress" time="33.462" classname="com.smokesuite.HomePageTest"/>
  <testcase name="verifythemessageofCustomBlock" time="8.621" classname="com.smokesuite.HomePageTest"/>
</testsuite> <!-- com.smokesuite.HomePageTest -->
