<?xml version="1.0" encoding="UTF-8"?>
<!-- Generated by org.testng.reporters.JUnitReportReporter -->
<testsuite hostname="Abhijeets-MacBook-Pro.local" name="com.testNGDemo.GroupingofTC" tests="5" failures="0" timestamp="19 Jan 2020 13:13:07 GMT" time="0.019" errors="0">
  <testcase name="Sedan1" time="0.005" classname="com.testNGDemo.GroupingofTC"/>
  <testcase name="Car2" time="0.002" classname="com.testNGDemo.GroupingofTC"/>
  <testcase name="Scooter1" time="0.002" classname="com.testNGDemo.GroupingofTC"/>
  <testcase name="Car1" time="0.009" classname="com.testNGDemo.GroupingofTC"/>
  <testcase name="Scooter2" time="0.001" classname="com.testNGDemo.GroupingofTC"/>
</testsuite> <!-- com.testNGDemo.GroupingofTC -->
