<?xml version="1.0" encoding="UTF-8"?>
<!-- Generated by org.testng.reporters.JUnitReportReporter -->
<testsuite hostname="Abhijeets-MacBook-Pro.local" name="com.testNGDemo.GroupingofTC" tests="5" failures="0" timestamp="18 Jan 2020 09:18:48 GMT" time="0.024" errors="0">
  <testcase name="Sedan1" time="0.005" classname="com.testNGDemo.GroupingofTC"/>
  <testcase name="Car2" time="0.003" classname="com.testNGDemo.GroupingofTC"/>
  <testcase name="Scooter1" time="0.003" classname="com.testNGDemo.GroupingofTC"/>
  <testcase name="Car1" time="0.012" classname="com.testNGDemo.GroupingofTC"/>
  <testcase name="Scooter2" time="0.001" classname="com.testNGDemo.GroupingofTC"/>
</testsuite> <!-- com.testNGDemo.GroupingofTC -->
