<?xml version="1.0" encoding="UTF-8"?>
<!-- Generated by org.testng.reporters.JUnitReportReporter -->
<testsuite hostname="Abhijeets-MacBook-Pro.local" name="com.smokesuite.HomePageTest" tests="3" failures="0" timestamp="19 Jan 2020 13:13:07 GMT" time="28.361" errors="0">
  <testcase name="verifyHomePageTitleTest" time="10.030" classname="com.smokesuite.HomePageTest"/>
  <testcase name="when_we_hover_women_we_should_be_able_to_select_dress" time="10.407" classname="com.smokesuite.HomePageTest"/>
  <testcase name="verifythemessageofCustomBlock" time="7.924" classname="com.smokesuite.HomePageTest"/>
</testsuite> <!-- com.smokesuite.HomePageTest -->
