<?xml version="1.0" encoding="UTF-8"?>
<!-- Generated by org.testng.reporters.JUnitReportReporter -->
<testsuite hostname="Abhijeets-MacBook-Pro.local" name="com.testNGDemo.AnnotationPriorities" tests="2" failures="0" timestamp="13 Dec 2019 10:38:37 GMT" time="0.002" errors="0">
  <testcase name="googleTest" time="0.001" classname="com.testNGDemo.AnnotationPriorities"/>
  <testcase name="googlesearchTest" time="0.001" classname="com.testNGDemo.AnnotationPriorities"/>
</testsuite> <!-- com.testNGDemo.AnnotationPriorities -->
